#
# There is insufficient memory for the Java Runtime Environment to continue.
# Native memory allocation (mmap) failed to map 257949696 bytes for G1 virtual space
# Possible reasons:
#   The system is out of physical RAM or swap space
#   The process is running with CompressedOops enabled, and the Java Heap may be blocking the growth of the native heap
# Possible solutions:
#   Reduce memory load on the system
#   Increase physical memory or swap space
#   Check if swap backing store is full
#   Decrease Java heap size (-Xmx/-Xms)
#   Decrease number of Java threads
#   Decrease Java thread stack sizes (-Xss)
#   Set larger code cache with -XX:ReservedCodeCacheSize=
#   JVM is running with Zero Based Compressed Oops mode in which the Java heap is
#     placed in the first 32GB address space. The Java Heap base address is the
#     maximum limit for the native heap growth. Please use -XX:HeapBaseMinAddress
#     to set the Java Heap base and to place the Java Heap above 32GB virtual address.
# This output file may be truncated or incomplete.
#
#  Out of Memory Error (os_windows.cpp:3769), pid=1120, tid=11316
#
# JRE version:  (17.0.6) (build )
# Java VM: OpenJDK 64-Bit Server VM (17.0.6+0-b2043.56-10027231, mixed mode, sharing, tiered, compressed oops, compressed class ptrs, g1 gc, windows-amd64)
# No core dump will be written. Minidumps are not enabled by default on client versions of Windows
#

---------------  S U M M A R Y ------------

Command Line: git4idea.http.GitAskPassApp Username for 'https://github.com': 

Host: AMD Ryzen 7 5800H with Radeon Graphics         , 16 cores, 15G,  Windows 11 , 64 bit Build 22621 (10.0.22621.2428)
Time: Mon Oct 16 00:53:03 2023 Hora de verano romance elapsed time: 0.007254 seconds (0d 0h 0m 0s)

---------------  T H R E A D  ---------------

Current thread (0x0000011e8b0e9840):  JavaThread "Unknown thread" [_thread_in_vm, id=11316, stack(0x0000001ce2b00000,0x0000001ce2c00000)]

Stack: [0x0000001ce2b00000,0x0000001ce2c00000]
Native frames: (J=compiled Java code, j=interpreted, Vv=VM code, C=native code)
V  [jvm.dll+0x683c9a]
V  [jvm.dll+0x8427a4]
V  [jvm.dll+0x843f9e]
V  [jvm.dll+0x844603]
V  [jvm.dll+0x249b75]
V  [jvm.dll+0x680b69]
V  [jvm.dll+0x67505a]
V  [jvm.dll+0x309acb]
V  [jvm.dll+0x310f86]
V  [jvm.dll+0x3608ee]
V  [jvm.dll+0x360b1f]
V  [jvm.dll+0x2dfbf8]
V  [jvm.dll+0x2e0b64]
V  [jvm.dll+0x814091]
V  [jvm.dll+0x36e6a1]
V  [jvm.dll+0x7f35cc]
V  [jvm.dll+0x3f0e8f]
V  [jvm.dll+0x3f29d1]
C  [jli.dll+0x526b]
C  [ucrtbase.dll+0x29363]
C  [KERNEL32.DLL+0x1257d]
C  [ntdll.dll+0x5aa78]


---------------  P R O C E S S  ---------------

Threads class SMR info:
_java_thread_list=0x00007ffade6dc058, length=0, elements={
}

Java Threads: ( => current thread )

Other Threads:
  0x0000011e8b1557e0 GCTaskThread "GC Thread#0" [stack: 0x0000001ce2c00000,0x0000001ce2d00000] [id=5152]
  0x0000011e8b165cb0 ConcurrentGCThread "G1 Main Marker" [stack: 0x0000001ce2d00000,0x0000001ce2e00000] [id=10004]
  0x0000011e8b168d70 ConcurrentGCThread "G1 Conc#0" [stack: 0x0000001ce2e00000,0x0000001ce2f00000] [id=15760]

[error occurred during error reporting (printing all threads), id 0xc0000005, EXCEPTION_ACCESS_VIOLATION (0xc0000005) at pc=0x00007ffadde90797]

VM state: not at safepoint (not fully initialized)

VM Mutex/Monitor currently owned by a thread:  ([mutex/lock_event])
[0x0000011e8b0e47a0] Heap_lock - owner thread: 0x0000011e8b0e9840

Heap address: 0x000000070a600000, size: 3930 MB, Compressed Oops mode: Zero based, Oop shift amount: 3

CDS archive(s) mapped at: [0x0000000000000000-0x0000000000000000-0x0000000000000000), size 0, SharedBaseAddress: 0x0000000800000000, ArchiveRelocationMode: 0.
Narrow klass base: 0x0000000000000000, Narrow klass shift: 0, Narrow klass range: 0x0

GC Precious Log:
<Empty>

Heap:
 garbage-first heap   total 0K, used 0K [0x000000070a600000, 0x0000000800000000)
  region size 2048K, 0 young (0K), 0 survivors (0K)

[error occurred during error reporting (printing heap information), id 0xc0000005, EXCEPTION_ACCESS_VIOLATION (0xc0000005) at pc=0x00007ffade27da89]

GC Heap History (0 events):
No events

Dll operation events (1 events):
Event: 0.004 Loaded shared library E:\Android\Android_Studio\jbr\bin\java.dll

Deoptimization events (0 events):
No events

Classes unloaded (0 events):
No events

Classes redefined (0 events):
No events

Internal exceptions (0 events):
No events

VM Operations (0 events):
No events

Events (0 events):
No events


Dynamic libraries:
0x00007ff726a90000 - 0x00007ff726a9a000 	E:\Android\Android_Studio\jbr\bin\java.exe
0x00007ffb416b0000 - 0x00007ffb418c7000 	C:\WINDOWS\SYSTEM32\ntdll.dll
0x00007ffb3fd20000 - 0x00007ffb3fde4000 	C:\WINDOWS\System32\KERNEL32.DLL
0x00007ffb3ee20000 - 0x00007ffb3f1c6000 	C:\WINDOWS\System32\KERNELBASE.dll
0x00007ffb3f2f0000 - 0x00007ffb3f401000 	C:\WINDOWS\System32\ucrtbase.dll
0x00007ffb15040000 - 0x00007ffb15057000 	E:\Android\Android_Studio\jbr\bin\jli.dll
0x00007ffb15020000 - 0x00007ffb1503b000 	E:\Android\Android_Studio\jbr\bin\VCRUNTIME140.dll
0x00007ffb40080000 - 0x00007ffb4022d000 	C:\WINDOWS\System32\USER32.dll
0x00007ffb3ea30000 - 0x00007ffb3ea56000 	C:\WINDOWS\System32\win32u.dll
0x00007ffb25fa0000 - 0x00007ffb26233000 	C:\WINDOWS\WinSxS\amd64_microsoft.windows.common-controls_6595b64144ccf1df_6.0.22621.2361_none_2712ced57382f843\COMCTL32.dll
0x00007ffb40860000 - 0x00007ffb40889000 	C:\WINDOWS\System32\GDI32.dll
0x00007ffb3f1d0000 - 0x00007ffb3f2e8000 	C:\WINDOWS\System32\gdi32full.dll
0x00007ffb41410000 - 0x00007ffb414b7000 	C:\WINDOWS\System32\msvcrt.dll
0x00007ffb3ecc0000 - 0x00007ffb3ed5a000 	C:\WINDOWS\System32\msvcp_win.dll
0x00007ffb3fdf0000 - 0x00007ffb3fe21000 	C:\WINDOWS\System32\IMM32.DLL
0x00007ffb1f0d0000 - 0x00007ffb1f0dc000 	E:\Android\Android_Studio\jbr\bin\vcruntime140_1.dll
0x00007ffad6dc0000 - 0x00007ffad6e4d000 	E:\Android\Android_Studio\jbr\bin\msvcp140.dll
0x00007ffaddba0000 - 0x00007ffade80e000 	E:\Android\Android_Studio\jbr\bin\server\jvm.dll
0x00007ffb415c0000 - 0x00007ffb41670000 	C:\WINDOWS\System32\ADVAPI32.dll
0x00007ffb3fc70000 - 0x00007ffb3fd16000 	C:\WINDOWS\System32\sechost.dll
0x00007ffb3ff60000 - 0x00007ffb40077000 	C:\WINDOWS\System32\RPCRT4.dll
0x00007ffb37fe0000 - 0x00007ffb38014000 	C:\WINDOWS\SYSTEM32\WINMM.dll
0x00007ffb37920000 - 0x00007ffb3792a000 	C:\WINDOWS\SYSTEM32\VERSION.dll
0x00007ffb39e80000 - 0x00007ffb39e89000 	C:\WINDOWS\SYSTEM32\WSOCK32.dll
0x00007ffb40b80000 - 0x00007ffb40bf1000 	C:\WINDOWS\System32\WS2_32.dll
0x00007ffb3da80000 - 0x00007ffb3da98000 	C:\WINDOWS\SYSTEM32\kernel.appcore.dll
0x00007ffb39e60000 - 0x00007ffb39e6a000 	E:\Android\Android_Studio\jbr\bin\jimage.dll
0x00007ffb3c0a0000 - 0x00007ffb3c2ce000 	C:\WINDOWS\SYSTEM32\DBGHELP.DLL
0x00007ffb40250000 - 0x00007ffb405da000 	C:\WINDOWS\System32\combase.dll
0x00007ffb405e0000 - 0x00007ffb406b7000 	C:\WINDOWS\System32\OLEAUT32.dll
0x00007ffb1ecf0000 - 0x00007ffb1ed22000 	C:\WINDOWS\SYSTEM32\dbgcore.DLL
0x00007ffb3ea60000 - 0x00007ffb3eada000 	C:\WINDOWS\System32\bcryptPrimitives.dll
0x00007ffb1c0c0000 - 0x00007ffb1c0e5000 	E:\Android\Android_Studio\jbr\bin\java.dll

dbghelp: loaded successfully - version: 4.0.5 - missing functions: none
symbol engine: initialized successfully - sym options: 0x614 - pdb path: .;E:\Android\Android_Studio\jbr\bin;C:\WINDOWS\SYSTEM32;C:\WINDOWS\WinSxS\amd64_microsoft.windows.common-controls_6595b64144ccf1df_6.0.22621.2361_none_2712ced57382f843;E:\Android\Android_Studio\jbr\bin\server

VM Arguments:
java_command: git4idea.http.GitAskPassApp Username for 'https://github.com': 
java_class_path (initial): E:/Android/Android_Studio/plugins/vcs-git/lib/git4idea-rt.jar;E:/Android/Android_Studio/lib/externalProcess-rt.jar;E:/Android/Android_Studio/lib/app.jar;E:/Android/Android_Studio/lib/3rd-party-rt.jar
Launcher Type: SUN_STANDARD

[Global flags]
     intx CICompilerCount                          = 12                                        {product} {ergonomic}
     uint ConcGCThreads                            = 3                                         {product} {ergonomic}
     uint G1ConcRefinementThreads                  = 13                                        {product} {ergonomic}
   size_t G1HeapRegionSize                         = 2097152                                   {product} {ergonomic}
    uintx GCDrainStackTargetSize                   = 64                                        {product} {ergonomic}
   size_t InitialHeapSize                          = 257949696                                 {product} {ergonomic}
   size_t MarkStackSize                            = 4194304                                   {product} {ergonomic}
   size_t MaxHeapSize                              = 4120903680                                {product} {ergonomic}
   size_t MinHeapDeltaBytes                        = 2097152                                   {product} {ergonomic}
   size_t MinHeapSize                              = 8388608                                   {product} {ergonomic}
    uintx NonNMethodCodeHeapSize                   = 7602480                                {pd product} {ergonomic}
    uintx NonProfiledCodeHeapSize                  = 122027880                              {pd product} {ergonomic}
    uintx ProfiledCodeHeapSize                     = 122027880                              {pd product} {ergonomic}
    uintx ReservedCodeCacheSize                    = 251658240                              {pd product} {ergonomic}
     bool SegmentedCodeCache                       = true                                      {product} {ergonomic}
   size_t SoftMaxHeapSize                          = 4120903680                             {manageable} {ergonomic}
     bool UseCompressedClassPointers               = true                           {product lp64_product} {ergonomic}
     bool UseCompressedOops                        = true                           {product lp64_product} {ergonomic}
     bool UseG1GC                                  = true                                      {product} {ergonomic}
     bool UseLargePagesIndividualAllocation        = false                                  {pd product} {ergonomic}

Logging:
Log output configuration:
 #0: stdout all=warning uptime,level,tags
 #1: stderr all=off uptime,level,tags

Environment Variables:
PATH=C:/Program Files/Git/mingw64/libexec/git-core;C:/Program Files/Git/mingw64/libexec/git-core;C:\Program Files\Git\mingw64\bin;C:\Program Files\Git\usr\bin;C:\Users\adrsa\bin;C:\oraclexe\app\oracle\product\10.2.0\server\bin;C:\Program Files (x86)\Common Files\Oracle\Java\javapath;C:\WINDOWS\system32;C:\WINDOWS;C:\WINDOWS\System32\Wbem;C:\WINDOWS\System32\WindowsPowerShell\v1.0\;C:\WINDOWS\System32\OpenSSH\;C:\Program Files\AutoFirma\AutoFirma;C:\Program Files\Git\cmd;C:\Program Files\NVIDIA Corporation\NVIDIA NvDLISR;C:\Program Files\dotnet\;C:\Program Files (x86)\NVIDIA Corporation\PhysX\Common;C:\Users\adrsa\AppData\Local\Microsoft\WindowsApps;E:\Microsoft VS Code\bin;C:\Users\adrsa\.dotnet\tools
USERNAME=adrsa
DISPLAY=:0.0
LC_ALL=en_US.UTF-8
TERM=xterm-256color
TMPDIR=C:\Users\adrsa\AppData\Local\Temp
OS=Windows_NT
PROCESSOR_IDENTIFIER=AMD64 Family 25 Model 80 Stepping 0, AuthenticAMD
TMP=C:\Users\adrsa\AppData\Local\Temp
TEMP=C:\Users\adrsa\AppData\Local\Temp


JNI global refs:

[error occurred during error reporting (JNI global references), id 0xc0000005, EXCEPTION_ACCESS_VIOLATION (0xc0000005) at pc=0x00007ffaddc57a10]


---------------  S Y S T E M  ---------------

OS:
 Windows 11 , 64 bit Build 22621 (10.0.22621.2428)
OS uptime: 4 days 5:30 hours
Hyper-V role detected

CPU: total 16 (initial active 16) (16 cores per cpu, 2 threads per core) family 25 model 80 stepping 0 microcode 0x0, cx8, cmov, fxsr, ht, mmx, 3dnowpref, sse, sse2, sse3, ssse3, sse4a, sse4.1, sse4.2, popcnt, lzcnt, tsc, tscinvbit, avx, avx2, aes, erms, clmul, bmi1, bmi2, adx, sha, fma, vzeroupper, clflush, clflushopt, hv

Memory: 4k page, system-wide physical 15713M (2607M free)
TotalPageFile size 17761M (AvailPageFile size 66M)
current process WorkingSet (physical memory assigned to process): 11M, peak: 11M
current process commit charge ("private bytes"): 70M, peak: 316M

vm_info: OpenJDK 64-Bit Server VM (17.0.6+0-b2043.56-10027231) for windows-amd64 JRE (17.0.6+0-b2043.56-10027231), built on Apr 28 2023 00:43:19 by "androidbuild" with MS VC++ 16.10 / 16.11 (VS2019)

END.
